<?xml version="1.0" encoding="UTF-8"?>
<testsuite xmlns:xsi="http://www.w3.org/2001/XMLSchema-instance" xsi:noNamespaceSchemaLocation="https://maven.apache.org/surefire/maven-surefire-plugin/xsd/surefire-test-report.xsd" name="com.user.benson.PhoneApp.PhoneAppApplicationTests" time="0.179" tests="1" errors="1" skipped="0" failures="0">
  <properties>
[...]
</properties>
  <testcase name="com.user.benson.PhoneApp.PhoneAppApplicationTests" classname="com.user.benson.PhoneApp.PhoneAppApplicationTests" time="0.178">
    <error message="Unable to find a @SpringBootConfiguration, you need to use @ContextConfiguration or @SpringBootTest(classes=...) with your test" type="java.lang.IllegalStateException">java.lang.IllegalStateException: Unable to find a @SpringBootConfiguration, you need to use @ContextConfiguration or @SpringBootTest(classes=...) with your test
</error>
    <system-out><![CDATA[15:11:50.162 [main] DEBUG org.springframework.test.context.BootstrapUtils - Instantiating CacheAwareContextLoaderDelegate from class [org.springframework.test.context.cache.DefaultCacheAwareContextLoaderDelegate]
15:11:50.174 [main] DEBUG org.springframework.test.context.BootstrapUtils - Instantiating BootstrapContext using constructor [public org.springframework.test.context.support.DefaultBootstrapContext(java.lang.Class,org.springframework.test.context.CacheAwareContextLoaderDelegate)]
15:11:50.201 [main] DEBUG org.springframework.test.context.BootstrapUtils - Instantiating TestContextBootstrapper for test class [com.user.benson.PhoneApp.PhoneAppApplicationTests] from class [org.springframework.boot.test.context.SpringBootTestContextBootstrapper]
15:11:50.209 [main] INFO org.springframework.boot.test.context.SpringBootTestContextBootstrapper - Neither @ContextConfiguration nor @ContextHierarchy found for test class [com.user.benson.PhoneApp.PhoneAppApplicationTests], using SpringBootContextLoader
15:11:50.212 [main] DEBUG org.springframework.test.context.support.AbstractContextLoader - Did not detect default resource location for test class [com.user.benson.PhoneApp.PhoneAppApplicationTests]: class path resource [com/user/benson/PhoneApp/PhoneAppApplicationTests-context.xml] does not exist
15:11:50.212 [main] DEBUG org.springframework.test.context.support.AbstractContextLoader - Did not detect default resource location for test class [com.user.benson.PhoneApp.PhoneAppApplicationTests]: class path resource [com/user/benson/PhoneApp/PhoneAppApplicationTestsContext.groovy] does not exist
15:11:50.212 [main] INFO org.springframework.test.context.support.AbstractContextLoader - Could not detect default resource locations for test class [com.user.benson.PhoneApp.PhoneAppApplicationTests]: no resource found for suffixes {-context.xml, Context.groovy}.
15:11:50.212 [main] INFO org.springframework.test.context.support.AnnotationConfigContextLoaderUtils - Could not detect default configuration classes for test class [com.user.benson.PhoneApp.PhoneAppApplicationTests]: PhoneAppApplicationTests does not declare any static, non-private, non-final, nested classes annotated with @Configuration.
15:11:50.245 [main] DEBUG org.springframework.test.context.support.ActiveProfilesUtils - Could not find an 'annotation declaring class' for annotation type [org.springframework.test.context.ActiveProfiles] and class [com.user.benson.PhoneApp.PhoneAppApplicationTests]
]]></system-out>
  </testcase>
</testsuite>